<?xml version="1.0" encoding="UTF-8"?>
<testsuite name="com.jmstudios.chibe.VibrationAlarmSchedulerTest" tests="1" skipped="0" failures="0" errors="0" timestamp="2020-01-27T19:18:00" hostname="DESKTOP-35F3HM7" time="0.029">
  <properties/>
  <testcase name="alarmScheduler_getNextAlarmTime_longSleep" classname="com.jmstudios.chibe.VibrationAlarmSchedulerTest" time="0.029"/>
  <system-out><![CDATA[]]></system-out>
  <system-err><![CDATA[]]></system-err>
</testsuite>
